Build started 19/12/2012 17:23:55.
     1>Project "C:\Users\i100580\Documents\ISEP\SGRAI\grafo\Lapr5.vcxproj" on node 2 (build target(s)).
     1>InitializeBuildStatus:
         Creating "Debug\Lapr5.unsuccessfulbuild" because "AlwaysCreate" was specified.
       ClCompile:
         c:\Program Files (x86)\Microsoft Visual Studio 10.0\VC\bin\CL.exe /c /ZI /nologo /W3 /WX- /Od /Oy- /D WIN32 /D _DEBUG /D _CONSOLE /D _UNICODE /D UNICODE /Gm /EHsc /RTC1 /MDd /GS /fp:precise /Zc:wchar_t /Zc:forScope /Fo"Debug\\" /Fd"Debug\vc100.pdb" /Gd /TP /analyze- /errorReport:prompt lapr5.cpp
         lapr5.cpp
     1>c:\users\i100580\documents\isep\sgrai\grafo\lapr5.cpp(283): warning C4101: 'length' : unreferenced local variable
     1>c:\users\i100580\documents\isep\sgrai\grafo\lapr5.cpp(282): warning C4101: 'cross' : unreferenced local variable
       ManifestResourceCompile:
         All outputs are up-to-date.
       Link:
         c:\Program Files (x86)\Microsoft Visual Studio 10.0\VC\bin\link.exe /ERRORREPORT:PROMPT /OUT:"C:\Users\i100580\Documents\Visual Studio 2010\Projects\Graphs4Social\Debug\Lapr5.exe" /INCREMENTAL /NOLOGO alut.lib OpenAL32.lib kernel32.lib user32.lib gdi32.lib winspool.lib comdlg32.lib advapi32.lib shell32.lib ole32.lib oleaut32.lib uuid.lib odbc32.lib odbccp32.lib /MANIFEST /ManifestFile:"Debug\Lapr5.exe.intermediate.manifest" /MANIFESTUAC:"level='asInvoker' uiAccess='false'" /DEBUG /PDB:"C:\Users\i100580\Documents\Visual Studio 2010\Projects\Graphs4Social\Debug\Lapr5.pdb" /SUBSYSTEM:CONSOLE /TLBID:1 /DYNAMICBASE /NXCOMPAT /IMPLIB:"C:\Users\i100580\Documents\Visual Studio 2010\Projects\Graphs4Social\Debug\Lapr5.lib" /MACHINE:X86 Debug\Lapr5.exe.embed.manifest.res
         Debug\ambient.obj
         Debug\camera.obj
         Debug\estado.obj
         Debug\grafos.obj
         Debug\lapr5.obj
         Debug\math.obj
         Debug\mdlviewer.obj
         Debug\modelo.obj
         Debug\studio_render.obj
         Debug\studio_utils.obj
       Manifest:
         C:\Program Files (x86)\Microsoft SDKs\Windows\v7.0A\bin\mt.exe /nologo /verbose /out:"Debug\Lapr5.exe.embed.manifest" /manifest Debug\Lapr5.exe.intermediate.manifest
         All outputs are up-to-date.
       LinkEmbedManifest:
         All outputs are up-to-date.
         Lapr5.vcxproj -> C:\Users\i100580\Documents\Visual Studio 2010\Projects\Graphs4Social\Debug\Lapr5.exe
       CopyFilesToOutputDirectory:
         Copying file from "Debug\Lapr5.pdb" to "C:\Users\i100580\Documents\Visual Studio 2010\Projects\Graphs4Social\Debug\Lapr5.pdb".
       FinalizeBuildStatus:
         Deleting file "Debug\Lapr5.unsuccessfulbuild".
         Touching "Debug\Lapr5.lastbuildstate".
     1>Done Building Project "C:\Users\i100580\Documents\ISEP\SGRAI\grafo\Lapr5.vcxproj" (build target(s)).

Build succeeded.

Time Elapsed 00:00:01.88
