C:\USERS\I100580\DOCUMENTS\VISUAL STUDIO 2010\PROJECTS\PL1\DEBUG\PL8.EXE
C:\USERS\I100580\DOCUMENTS\VISUAL STUDIO 2010\PROJECTS\PL1\DEBUG\PL8.ILK
C:\USERS\I100580\DOCUMENTS\VISUAL STUDIO 2010\PROJECTS\PL1\DEBUG\PL8.PDB
C:\Users\i100580\Documents\Visual Studio 2010\Projects\pl1\PL8\Debug\cl.command.1.tlog
C:\Users\i100580\Documents\Visual Studio 2010\Projects\pl1\PL8\Debug\CL.read.1.tlog
C:\Users\i100580\Documents\Visual Studio 2010\Projects\pl1\PL8\Debug\CL.write.1.tlog
C:\Users\i100580\Documents\Visual Studio 2010\Projects\pl1\PL8\Debug\link.command.1.tlog
C:\Users\i100580\Documents\Visual Studio 2010\Projects\pl1\PL8\Debug\link.read.1.tlog
C:\Users\i100580\Documents\Visual Studio 2010\Projects\pl1\PL8\Debug\link.write.1.tlog
C:\USERS\I100580\DOCUMENTS\VISUAL STUDIO 2010\PROJECTS\PL1\PL8\DEBUG\MAIN.OBJ
C:\USERS\I100580\DOCUMENTS\VISUAL STUDIO 2010\PROJECTS\PL1\PL8\DEBUG\MATH.OBJ
C:\USERS\I100580\DOCUMENTS\VISUAL STUDIO 2010\PROJECTS\PL1\PL8\DEBUG\MDLVIEWER.OBJ
C:\Users\i100580\Documents\Visual Studio 2010\Projects\pl1\PL8\Debug\mt.command.1.tlog
C:\Users\i100580\Documents\Visual Studio 2010\Projects\pl1\PL8\Debug\mt.read.1.tlog
C:\Users\i100580\Documents\Visual Studio 2010\Projects\pl1\PL8\Debug\mt.write.1.tlog
C:\USERS\I100580\DOCUMENTS\VISUAL STUDIO 2010\PROJECTS\PL1\PL8\DEBUG\PL8.EXE.INTERMEDIATE.MANIFEST
C:\Users\i100580\Documents\Visual Studio 2010\Projects\pl1\PL8\Debug\PL8.vcxprojResolveAssemblyReference.cache
C:\Users\i100580\Documents\Visual Studio 2010\Projects\pl1\PL8\Debug\PL8.write.1.tlog
C:\USERS\I100580\DOCUMENTS\VISUAL STUDIO 2010\PROJECTS\PL1\PL8\DEBUG\READJPEG.OBJ
C:\USERS\I100580\DOCUMENTS\VISUAL STUDIO 2010\PROJECTS\PL1\PL8\DEBUG\STUDIO_RENDER.OBJ
C:\USERS\I100580\DOCUMENTS\VISUAL STUDIO 2010\PROJECTS\PL1\PL8\DEBUG\STUDIO_UTILS.OBJ
C:\Users\i100580\Documents\Visual Studio 2010\Projects\pl1\PL8\Debug\vc100.idb
C:\USERS\I100580\DOCUMENTS\VISUAL STUDIO 2010\PROJECTS\PL1\PL8\DEBUG\VC100.PDB
G:\PL1\DEBUG\PL8.EXE
G:\PL1\DEBUG\PL8.ILK
G:\PL1\DEBUG\PL8.PDB
G:\PL1\PL8\DEBUG\MAIN.OBJ
G:\PL1\PL8\DEBUG\MATH.OBJ
G:\PL1\PL8\DEBUG\MDLVIEWER.OBJ
G:\PL1\PL8\DEBUG\PL8.EXE.INTERMEDIATE.MANIFEST
G:\PL1\PL8\DEBUG\READJPEG.OBJ
G:\PL1\PL8\DEBUG\STUDIO_RENDER.OBJ
G:\PL1\PL8\DEBUG\STUDIO_UTILS.OBJ
G:\PL1\PL8\DEBUG\VC100.PDB
