Build started 12-11-2012 12:55:14.
     1>Project "C:\Users\i100679\Documents\Visual Studio 2010\Projects\Aula8\Aula8\Aula8.vcxproj" on node 2 (build target(s)).
     1>InitializeBuildStatus:
         Creating "Debug\Aula8.unsuccessfulbuild" because "AlwaysCreate" was specified.
       ClCompile:
         C:\Program Files (x86)\Microsoft Visual Studio 10.0\VC\bin\CL.exe /c /ZI /nologo /W3 /WX- /Od /Oy- /D WIN32 /D _DEBUG /D _CONSOLE /Gm /EHsc /RTC1 /MTd /GS /fp:precise /Zc:wchar_t /Zc:forScope /Fo"Debug\\" /Fd"Debug\vc100.pdb" /Gd /TP /analyze- /errorReport:prompt ..\..\..\..\..\Desktop\PL8\Aula8_Template.cpp
         Aula8_Template.cpp
     1>c:\users\i100679\desktop\pl8\aula8_template.cpp(860): warning C4996: 'fopen': This function or variable may be unsafe. Consider using fopen_s instead. To disable deprecation, use _CRT_SECURE_NO_WARNINGS. See online help for details.
                 c:\program files (x86)\microsoft visual studio 10.0\vc\include\stdio.h(234) : see declaration of 'fopen'
         All outputs are up-to-date.
       ManifestResourceCompile:
         All outputs are up-to-date.
       Link:
         C:\Program Files (x86)\Microsoft Visual Studio 10.0\VC\bin\link.exe /ERRORREPORT:PROMPT /OUT:"C:\Users\i100679\Documents\Visual Studio 2010\Projects\Aula8\Debug\Aula8.exe" /INCREMENTAL /NOLOGO kernel32.lib user32.lib gdi32.lib winspool.lib comdlg32.lib advapi32.lib shell32.lib ole32.lib oleaut32.lib uuid.lib odbc32.lib odbccp32.lib /MANIFEST /ManifestFile:"Debug\Aula8.exe.intermediate.manifest" /MANIFESTUAC:"level='asInvoker' uiAccess='false'" /DEBUG /PDB:"C:\Users\i100679\Documents\Visual Studio 2010\Projects\Aula8\Debug\Aula8.pdb" /SUBSYSTEM:CONSOLE /TLBID:1 /DYNAMICBASE /NXCOMPAT /IMPLIB:"C:\Users\i100679\Documents\Visual Studio 2010\Projects\Aula8\Debug\Aula8.lib" /MACHINE:X86 Debug\Aula8.exe.embed.manifest.res
         Debug\Aula8_Template.obj
         Debug\math.obj
         Debug\mdlviewer.obj
         Debug\readjpeg.obj
         Debug\studio_render.obj
         Debug\studio_utils.obj
       Manifest:
         C:\Program Files (x86)\Microsoft SDKs\Windows\v7.0A\bin\mt.exe /nologo /verbose /out:"Debug\Aula8.exe.embed.manifest" /manifest Debug\Aula8.exe.intermediate.manifest
         All outputs are up-to-date.
       LinkEmbedManifest:
         All outputs are up-to-date.
         Aula8.vcxproj -> C:\Users\i100679\Documents\Visual Studio 2010\Projects\Aula8\Debug\Aula8.exe
       FinalizeBuildStatus:
         Deleting file "Debug\Aula8.unsuccessfulbuild".
         Touching "Debug\Aula8.lastbuildstate".
     1>Done Building Project "C:\Users\i100679\Documents\Visual Studio 2010\Projects\Aula8\Aula8\Aula8.vcxproj" (build target(s)).

Build succeeded.

Time Elapsed 00:00:01.60
