C:\USERS\HANDSON\DOCUMENTS\VISUAL STUDIO 2010\PROJECTS\PL1\DEBUG\PL1.EXE
C:\USERS\HANDSON\DOCUMENTS\VISUAL STUDIO 2010\PROJECTS\PL1\DEBUG\PL1.ILK
C:\USERS\HANDSON\DOCUMENTS\VISUAL STUDIO 2010\PROJECTS\PL1\DEBUG\PL1.PDB
C:\USERS\HANDSON\DOCUMENTS\VISUAL STUDIO 2010\PROJECTS\PL1\PL1\DEBUG\MAIN.OBJ
C:\USERS\HANDSON\DOCUMENTS\VISUAL STUDIO 2010\PROJECTS\PL1\PL1\DEBUG\PL1.EXE.EMBED.MANIFEST
C:\USERS\HANDSON\DOCUMENTS\VISUAL STUDIO 2010\PROJECTS\PL1\PL1\DEBUG\PL1.EXE.EMBED.MANIFEST.RES
C:\USERS\HANDSON\DOCUMENTS\VISUAL STUDIO 2010\PROJECTS\PL1\PL1\DEBUG\PL1.EXE.INTERMEDIATE.MANIFEST
C:\USERS\HANDSON\DOCUMENTS\VISUAL STUDIO 2010\PROJECTS\PL1\PL1\DEBUG\VC100.PDB
C:\USERS\I100580\DOCUMENTS\VISUAL STUDIO 2010\PROJECTS\PL1\DEBUG\PL1.EXE
C:\USERS\I100580\DOCUMENTS\VISUAL STUDIO 2010\PROJECTS\PL1\DEBUG\PL1.ILK
C:\USERS\I100580\DOCUMENTS\VISUAL STUDIO 2010\PROJECTS\PL1\DEBUG\PL1.PDB
C:\Users\i100580\Documents\Visual Studio 2010\Projects\pl1\pl1\Debug\cl.command.1.tlog
C:\Users\i100580\Documents\Visual Studio 2010\Projects\pl1\pl1\Debug\CL.read.1.tlog
C:\Users\i100580\Documents\Visual Studio 2010\Projects\pl1\pl1\Debug\CL.write.1.tlog
C:\Users\i100580\Documents\Visual Studio 2010\Projects\pl1\pl1\Debug\link.2296.read.1.tlog
C:\Users\i100580\Documents\Visual Studio 2010\Projects\pl1\pl1\Debug\link.2296.write.1.tlog
C:\Users\i100580\Documents\Visual Studio 2010\Projects\pl1\pl1\Debug\link.2296-cvtres.read.1.tlog
C:\Users\i100580\Documents\Visual Studio 2010\Projects\pl1\pl1\Debug\link.2296-cvtres.write.1.tlog
C:\Users\i100580\Documents\Visual Studio 2010\Projects\pl1\pl1\Debug\link.2708.read.1.tlog
C:\Users\i100580\Documents\Visual Studio 2010\Projects\pl1\pl1\Debug\link.2708.write.1.tlog
C:\Users\i100580\Documents\Visual Studio 2010\Projects\pl1\pl1\Debug\link.2708-cvtres.read.1.tlog
C:\Users\i100580\Documents\Visual Studio 2010\Projects\pl1\pl1\Debug\link.2708-cvtres.write.1.tlog
C:\Users\i100580\Documents\Visual Studio 2010\Projects\pl1\pl1\Debug\link.3992.read.1.tlog
C:\Users\i100580\Documents\Visual Studio 2010\Projects\pl1\pl1\Debug\link.3992.write.1.tlog
C:\Users\i100580\Documents\Visual Studio 2010\Projects\pl1\pl1\Debug\link.3992-cvtres.read.1.tlog
C:\Users\i100580\Documents\Visual Studio 2010\Projects\pl1\pl1\Debug\link.3992-cvtres.write.1.tlog
C:\Users\i100580\Documents\Visual Studio 2010\Projects\pl1\pl1\Debug\link.448.read.1.tlog
C:\Users\i100580\Documents\Visual Studio 2010\Projects\pl1\pl1\Debug\link.448.write.1.tlog
C:\Users\i100580\Documents\Visual Studio 2010\Projects\pl1\pl1\Debug\link.448-cvtres.read.1.tlog
C:\Users\i100580\Documents\Visual Studio 2010\Projects\pl1\pl1\Debug\link.448-cvtres.write.1.tlog
C:\Users\i100580\Documents\Visual Studio 2010\Projects\pl1\pl1\Debug\link.command.1.tlog
C:\Users\i100580\Documents\Visual Studio 2010\Projects\pl1\pl1\Debug\link.read.1.tlog
C:\Users\i100580\Documents\Visual Studio 2010\Projects\pl1\pl1\Debug\link.write.1.tlog
C:\Users\i100580\Documents\Visual Studio 2010\Projects\pl1\pl1\Debug\link-cvtres.read.1.tlog
C:\Users\i100580\Documents\Visual Studio 2010\Projects\pl1\pl1\Debug\link-cvtres.write.1.tlog
C:\USERS\I100580\DOCUMENTS\VISUAL STUDIO 2010\PROJECTS\PL1\PL1\DEBUG\MAIN.OBJ
C:\Users\i100580\Documents\Visual Studio 2010\Projects\pl1\pl1\Debug\mt.command.1.tlog
C:\Users\i100580\Documents\Visual Studio 2010\Projects\pl1\pl1\Debug\mt.read.1.tlog
C:\Users\i100580\Documents\Visual Studio 2010\Projects\pl1\pl1\Debug\mt.write.1.tlog
C:\Users\i100580\Documents\Visual Studio 2010\Projects\pl1\pl1\Debug\pl1.exe.embed.manifest
C:\USERS\I100580\DOCUMENTS\VISUAL STUDIO 2010\PROJECTS\PL1\PL1\DEBUG\PL1.EXE.EMBED.MANIFEST.RES
C:\USERS\I100580\DOCUMENTS\VISUAL STUDIO 2010\PROJECTS\PL1\PL1\DEBUG\PL1.EXE.INTERMEDIATE.MANIFEST
C:\Users\i100580\Documents\Visual Studio 2010\Projects\pl1\pl1\Debug\pl1.vcxprojResolveAssemblyReference.cache
C:\Users\i100580\Documents\Visual Studio 2010\Projects\pl1\pl1\Debug\pl1.write.1.tlog
C:\Users\i100580\Documents\Visual Studio 2010\Projects\pl1\pl1\Debug\pl1_manifest.rc
C:\Users\i100580\Documents\Visual Studio 2010\Projects\pl1\pl1\Debug\rc.command.1.tlog
C:\Users\i100580\Documents\Visual Studio 2010\Projects\pl1\pl1\Debug\rc.read.1.tlog
C:\Users\i100580\Documents\Visual Studio 2010\Projects\pl1\pl1\Debug\rc.write.1.tlog
C:\Users\i100580\Documents\Visual Studio 2010\Projects\pl1\pl1\Debug\vc100.idb
C:\USERS\I100580\DOCUMENTS\VISUAL STUDIO 2010\PROJECTS\PL1\PL1\DEBUG\VC100.PDB
